<?xml version="1.0" encoding="UTF-8"?>
<!-- Generated by org.testng.reporters.JUnitReportReporter -->
<testsuite hostname="DESKTOP-DRRO17G" name="framework.testng.Test_Reporter" tests="2" failures="0" timestamp="25 Apr 2020 05:23:58 GMT" time="0.017" errors="0">
  <testcase name="tc001" time="0.014" classname="framework.testng.Test_Reporter"/>
  <testcase name="tc002" time="0.003" classname="framework.testng.Test_Reporter"/>
</testsuite> <!-- framework.testng.Test_Reporter -->
