<?xml version="1.0" encoding="UTF-8"?>
<!-- Generated by org.testng.reporters.JUnitReportReporter -->
<testsuite hostname="DESKTOP-DRRO17G" name="framework.testng.WebDriver_TestCase" tests="2" failures="0" timestamp="25 Apr 2020 06:33:14 GMT" time="30.572" errors="0">
  <testcase name="Verify_Signup_link" time="21.042" classname="framework.testng.WebDriver_TestCase"/>
  <testcase name="Verify_Messenger_link" time="9.530" classname="framework.testng.WebDriver_TestCase"/>
</testsuite> <!-- framework.testng.WebDriver_TestCase -->
