<?xml version="1.0" encoding="UTF-8"?>
<!-- Generated by org.testng.reporters.JUnitReportReporter -->
<testsuite hostname="DESKTOP-DRRO17G" name="framework.framework.testng.Before_method_And_After_Method" tests="3" failures="0" timestamp="25 Apr 2020 06:17:48 GMT" time="0.069" errors="0">
  <testcase name="tc003" time="0.015" classname="framework.framework.testng.Before_method_And_After_Method"/>
  <testcase name="tc002" time="0.028" classname="framework.framework.testng.Before_method_And_After_Method"/>
  <testcase name="tc001" time="0.026" classname="framework.framework.testng.Before_method_And_After_Method"/>
</testsuite> <!-- framework.framework.testng.Before_method_And_After_Method -->
