<?xml version="1.0" encoding="UTF-8"?>
<!-- Generated by org.testng.reporters.JUnitReportReporter -->
<testsuite hostname="DESKTOP-DRRO17G" name="framework.testng.Test_Description" tests="2" failures="0" timestamp="25 Apr 2020 05:34:00 GMT" time="0.020" errors="0">
  <testcase name="tc001" time="0.015" classname="framework.testng.Test_Description"/>
  <testcase name="tc002" time="0.005" classname="framework.testng.Test_Description"/>
</testsuite> <!-- framework.testng.Test_Description -->
