<?xml version="1.0" encoding="UTF-8"?>
<!-- Generated by org.testng.reporters.JUnitReportReporter -->
<testsuite hostname="DESKTOP-DRRO17G" name="framework.testng.TestSuite.Class1" tests="1" failures="0" timestamp="26 Apr 2020 04:47:20 GMT" time="0.022" errors="0">
  <testcase name="tc002" time="0.022" classname="framework.testng.TestSuite.Class1"/>
</testsuite> <!-- framework.testng.TestSuite.Class1 -->
