<?xml version="1.0" encoding="UTF-8"?>
<!-- Generated by org.testng.reporters.JUnitReportReporter -->
<testsuite hostname="DESKTOP-DRRO17G" name="framework.testng.Test_Priority" tests="3" failures="0" timestamp="26 Apr 2020 04:40:29 GMT" time="0.107" errors="0">
  <testcase name="f" time="0.091" classname="framework.testng.Test_Priority"/>
  <testcase name="z" time="0.006" classname="framework.testng.Test_Priority"/>
  <testcase name="a" time="0.010" classname="framework.testng.Test_Priority"/>
</testsuite> <!-- framework.testng.Test_Priority -->
