<?xml version="1.0" encoding="UTF-8"?>
<!-- Generated by org.testng.reporters.JUnitReportReporter -->
<testsuite hostname="DESKTOP-DRRO17G" name="framework.testng.BeforeTest_and_AfterTest.ClassB" tests="6" failures="0" timestamp="29 Apr 2020 06:24:53 GMT" time="0.038" errors="0">
  <testcase name="tc004" time="0.002" classname="framework.testng.BeforeTest_and_AfterTest.ClassB"/>
  <testcase name="tc006" time="0.019" classname="framework.testng.BeforeTest_and_AfterTest.ClassB"/>
  <testcase name="tc005" time="0.003" classname="framework.testng.BeforeTest_and_AfterTest.ClassB"/>
  <testcase name="tc004" time="0.001" classname="framework.testng.BeforeTest_and_AfterTest.ClassB"/>
  <testcase name="tc006" time="0.011" classname="framework.testng.BeforeTest_and_AfterTest.ClassB"/>
  <testcase name="tc005" time="0.002" classname="framework.testng.BeforeTest_and_AfterTest.ClassB"/>
</testsuite> <!-- framework.testng.BeforeTest_and_AfterTest.ClassB -->
