<?xml version="1.0" encoding="UTF-8"?>
<!-- Generated by org.testng.reporters.JUnitReportReporter -->
<testsuite hostname="DESKTOP-DRRO17G" name="framework.testng.Groups.Class1" tests="2" failures="0" timestamp="26 Apr 2020 05:07:20 GMT" time="0.028" errors="0">
  <testcase name="tc003" time="0.004" classname="framework.testng.Groups.Class1"/>
  <testcase name="tc001" time="0.024" classname="framework.testng.Groups.Class1"/>
</testsuite> <!-- framework.testng.Groups.Class1 -->
