<?xml version="1.0" encoding="UTF-8"?>
<!-- Generated by org.testng.reporters.JUnitReportReporter -->
<testsuite hostname="DESKTOP-DRRO17G" name="framework.testng.Suite_Parameter.Get_Parameters_From_Suite" tests="4" failures="0" timestamp="26 Apr 2020 06:02:32 GMT" time="29.577" errors="0">
  <testcase name="launch_browser" time="5.331" classname="framework.testng.Suite_Parameter.Get_Parameters_From_Suite"/>
  <testcase name="User_registration" time="0.777" classname="framework.testng.Suite_Parameter.Get_Parameters_From_Suite"/>
  <testcase name="User_login" time="2.436" classname="framework.testng.Suite_Parameter.Get_Parameters_From_Suite"/>
  <testcase name="loadWebpage" time="21.033" classname="framework.testng.Suite_Parameter.Get_Parameters_From_Suite"/>
</testsuite> <!-- framework.testng.Suite_Parameter.Get_Parameters_From_Suite -->
