<?xml version="1.0" encoding="UTF-8"?>
<!-- Generated by org.testng.reporters.JUnitReportReporter -->
<testsuite hostname="DESKTOP-DRRO17G" name="framework.testng.Test_Ignore" tests="2" failures="0" timestamp="25 Apr 2020 05:38:15 GMT" time="0.028" errors="0">
  <testcase name="tc001" time="0.021" classname="framework.testng.Test_Ignore"/>
  <testcase name="tc003" time="0.007" classname="framework.testng.Test_Ignore"/>
</testsuite> <!-- framework.testng.Test_Ignore -->
