<?xml version="1.0" encoding="UTF-8"?>
<!-- Generated by org.testng.reporters.JUnitReportReporter -->
<testsuite hostname="DESKTOP-DRRO17G" name="framework.testng.data_provider.Reading_Input_From_DataProvider" tests="3" failures="0" timestamp="29 Apr 2020 06:46:39 GMT" time="0.081" errors="0">
  <testcase name="get_product_details" time="0.051" classname="framework.testng.data_provider.Reading_Input_From_DataProvider"/>
  <testcase name="get_product_details" time="0.004" classname="framework.testng.data_provider.Reading_Input_From_DataProvider"/>
  <testcase name="get_product_details" time="0.026" classname="framework.testng.data_provider.Reading_Input_From_DataProvider"/>
</testsuite> <!-- framework.testng.data_provider.Reading_Input_From_DataProvider -->
