<?xml version="1.0" encoding="UTF-8"?>
<!-- Generated by org.testng.reporters.JUnitReportReporter -->
<testsuite hostname="DESKTOP-DRRO17G" name="framework.framework.testng.My_Testng_Test" tests="3" failures="0" timestamp="25 Apr 2020 05:14:33 GMT" time="0.175" errors="0">
  <testcase name="tc001" time="0.153" classname="framework.framework.testng.My_Testng_Test"/>
  <testcase name="tc002" time="0.013" classname="framework.framework.testng.My_Testng_Test"/>
  <testcase name="tc003" time="0.009" classname="framework.framework.testng.My_Testng_Test"/>
</testsuite> <!-- framework.framework.testng.My_Testng_Test -->
