<?xml version="1.0" encoding="UTF-8"?>
<!-- Generated by org.testng.reporters.JUnitReportReporter -->
<testsuite hostname="DESKTOP-DRRO17G" name="framework.testng.data_provider.Read_dataprovider_Data_from_different_Class" tests="4" failures="0" timestamp="29 Apr 2020 06:51:32 GMT" time="0.038" errors="0">
  <testcase name="getUser_Data" time="0.025" classname="framework.testng.data_provider.Read_dataprovider_Data_from_different_Class"/>
  <testcase name="getUser_Data" time="0.004" classname="framework.testng.data_provider.Read_dataprovider_Data_from_different_Class"/>
  <testcase name="getUser_Data" time="0.005" classname="framework.testng.data_provider.Read_dataprovider_Data_from_different_Class"/>
  <testcase name="getUser_Data" time="0.004" classname="framework.testng.data_provider.Read_dataprovider_Data_from_different_Class"/>
</testsuite> <!-- framework.testng.data_provider.Read_dataprovider_Data_from_different_Class -->
