<?xml version="1.0" encoding="UTF-8"?>
<!-- Generated by org.testng.reporters.JUnitReportReporter -->
<testsuite hostname="DESKTOP-DRRO17G" name="framework.testng.TestSuite.Class3" tests="3" failures="0" timestamp="26 Apr 2020 04:47:20 GMT" time="0.012" errors="0">
  <testcase name="tc009" time="0.002" classname="framework.testng.TestSuite.Class3"/>
  <testcase name="tc008" time="0.004" classname="framework.testng.TestSuite.Class3"/>
  <testcase name="tc007" time="0.006" classname="framework.testng.TestSuite.Class3"/>
</testsuite> <!-- framework.testng.TestSuite.Class3 -->
