<?xml version="1.0" encoding="UTF-8"?>
<!-- Generated by org.testng.reporters.JUnitReportReporter -->
<testsuite hostname="DESKTOP-DRRO17G" name="framework.testng.Groups.Class2" tests="1" failures="0" timestamp="26 Apr 2020 05:07:20 GMT" time="0.003" errors="0">
  <testcase name="tc005" time="0.003" classname="framework.testng.Groups.Class2"/>
</testsuite> <!-- framework.testng.Groups.Class2 -->
