<?xml version="1.0" encoding="UTF-8"?>
<!-- Generated by org.testng.reporters.JUnitReportReporter -->
<testsuite hostname="DESKTOP-DRRO17G" name="framework.testng.BeforeTest_and_AfterTest.ClassA" tests="6" failures="0" timestamp="29 Apr 2020 06:24:53 GMT" time="0.046" errors="0">
  <testcase name="tc002" time="0.008" classname="framework.testng.BeforeTest_and_AfterTest.ClassA"/>
  <testcase name="tc002" time="0.004" classname="framework.testng.BeforeTest_and_AfterTest.ClassA"/>
  <testcase name="tc003" time="0.002" classname="framework.testng.BeforeTest_and_AfterTest.ClassA"/>
  <testcase name="tc003" time="0.003" classname="framework.testng.BeforeTest_and_AfterTest.ClassA"/>
  <testcase name="tc001" time="0.002" classname="framework.testng.BeforeTest_and_AfterTest.ClassA"/>
  <testcase name="tc001" time="0.027" classname="framework.testng.BeforeTest_and_AfterTest.ClassA"/>
</testsuite> <!-- framework.testng.BeforeTest_and_AfterTest.ClassA -->
