<?xml version="1.0" encoding="UTF-8"?>
<!-- Generated by org.testng.reporters.JUnitReportReporter -->
<testsuite hostname="DESKTOP-DRRO17G" name="framework.testng.BeforeTest_and_AfterTest.Test_For_Firefox" tests="1" failures="0" timestamp="29 Apr 2020 06:24:53 GMT" time="0.008" errors="0">
  <testcase name="Logout" time="0.008" classname="framework.testng.BeforeTest_and_AfterTest.Test_For_Firefox"/>
</testsuite> <!-- framework.testng.BeforeTest_and_AfterTest.Test_For_Firefox -->
