<?xml version="1.0" encoding="UTF-8"?>
<!-- Generated by org.testng.reporters.JUnitReportReporter -->
<testsuite hostname="DESKTOP-DRRO17G" name="framework.testng.data_provider.With_Excel_intergration.Excel_To_Dataprovider_integration" tests="3" failures="0" timestamp="29 Apr 2020 07:07:19 GMT" time="0.018" errors="0">
  <testcase name="get_user_Data" time="0.008" classname="framework.testng.data_provider.With_Excel_intergration.Excel_To_Dataprovider_integration"/>
  <testcase name="get_user_Data" time="0.007" classname="framework.testng.data_provider.With_Excel_intergration.Excel_To_Dataprovider_integration"/>
  <testcase name="get_user_Data" time="0.003" classname="framework.testng.data_provider.With_Excel_intergration.Excel_To_Dataprovider_integration"/>
</testsuite> <!-- framework.testng.data_provider.With_Excel_intergration.Excel_To_Dataprovider_integration -->
