<?xml version="1.0" encoding="UTF-8"?>
<!-- Generated by org.testng.reporters.JUnitReportReporter -->
<testsuite hostname="DESKTOP-DRRO17G" name="framework.testng.BeforeClass_And_AfterClass" tests="2" failures="0" timestamp="25 Apr 2020 06:13:10 GMT" time="0.033" errors="0">
  <testcase name="tc001" time="0.028" classname="framework.testng.BeforeClass_And_AfterClass"/>
  <testcase name="tc002" time="0.005" classname="framework.testng.BeforeClass_And_AfterClass"/>
</testsuite> <!-- framework.testng.BeforeClass_And_AfterClass -->
