<?xml version="1.0" encoding="UTF-8"?>
<!-- Generated by org.testng.reporters.JUnitReportReporter -->
<testsuite hostname="DESKTOP-DRRO17G" name="framework.testng.CrossBrowser.CrossBrowser_Test" tests="8" failures="0" timestamp="26 Apr 2020 06:19:56 GMT" time="77.013" errors="0">
  <testcase name="flight_search" time="12.804" classname="framework.testng.CrossBrowser.CrossBrowser_Test"/>
  <testcase name="loadApp" time="12.964" classname="framework.testng.CrossBrowser.CrossBrowser_Test"/>
  <testcase name="loadApp" time="12.474" classname="framework.testng.CrossBrowser.CrossBrowser_Test"/>
  <testcase name="closeBrowser" time="7.310" classname="framework.testng.CrossBrowser.CrossBrowser_Test"/>
  <testcase name="flight_search" time="12.928" classname="framework.testng.CrossBrowser.CrossBrowser_Test"/>
  <testcase name="launchBrowser" time="4.230" classname="framework.testng.CrossBrowser.CrossBrowser_Test"/>
  <testcase name="closeBrowser" time="5.370" classname="framework.testng.CrossBrowser.CrossBrowser_Test"/>
  <testcase name="launchBrowser" time="8.933" classname="framework.testng.CrossBrowser.CrossBrowser_Test"/>
</testsuite> <!-- framework.testng.CrossBrowser.CrossBrowser_Test -->
